  main3.cpp
C:\Users\Gerrard Tai\Documents\code\cshumandetection\ImageGeneration\ImageGeneration\libs\csv.h(177,33): warning C4244: 'return': conversion from 'std::streamsize' to 'int', possible loss of data
C:\Users\Gerrard Tai\Documents\code\cshumandetection\ImageGeneration\ImageGeneration\libs\csv.h(193,42): warning C4244: '=': conversion from '__int64' to 'int', possible loss of data
C:\Users\Gerrard Tai\Documents\code\cshumandetection\ImageGeneration\ImageGeneration\math.h(273,14): warning C4244: 'argument': conversion from 'time_t' to 'unsigned int', possible loss of data
C:\Users\Gerrard Tai\Documents\code\cshumandetection\ImageGeneration\ImageGeneration\math.h(361,18): warning C4244: 'return': conversion from 'double' to 'float', possible loss of data
C:\Users\Gerrard Tai\Documents\code\cshumandetection\ImageGeneration\ImageGeneration\math.h(366,18): warning C4244: 'return': conversion from 'double' to 'float', possible loss of data
C:\Users\Gerrard Tai\Documents\code\cshumandetection\ImageGeneration\ImageGeneration\math.h(376,13): warning C4244: 'initializing': conversion from 'double' to 'float', possible loss of data
C:\Users\Gerrard Tai\Documents\code\cshumandetection\ImageGeneration\ImageGeneration\math.h(386,13): warning C4244: 'initializing': conversion from 'double' to 'float', possible loss of data
C:\Users\Gerrard Tai\Documents\code\cshumandetection\ImageGeneration\ImageGeneration\math.h(398,13): warning C4244: 'initializing': conversion from 'double' to 'float', possible loss of data
C:\Users\Gerrard Tai\Documents\code\cshumandetection\ImageGeneration\ImageGeneration\engine.hpp(137,1): warning C4244: '+=': conversion from 'double' to 'float', possible loss of data
C:\Users\Gerrard Tai\Documents\code\cshumandetection\ImageGeneration\ImageGeneration\engine.hpp(138,1): warning C4244: '-=': conversion from 'double' to 'float', possible loss of data
C:\Users\Gerrard Tai\Documents\code\cshumandetection\ImageGeneration\ImageGeneration\main3.cpp(223,24): warning C4018: '<=': signed/unsigned mismatch
C:\Users\Gerrard Tai\Documents\code\cshumandetection\ImageGeneration\ImageGeneration\main3.cpp(297,14): warning C4244: 'initializing': conversion from 'double' to 'float', possible loss of data
C:\Users\Gerrard Tai\Documents\code\cshumandetection\ImageGeneration\ImageGeneration\main3.cpp(323,16): warning C4244: 'initializing': conversion from 'double' to 'float', possible loss of data
C:\Users\Gerrard Tai\Documents\code\cshumandetection\ImageGeneration\ImageGeneration\main3.cpp(368,11): warning C4244: 'initializing': conversion from 'float' to 'int', possible loss of data
C:\Users\Gerrard Tai\Documents\code\cshumandetection\ImageGeneration\ImageGeneration\main3.cpp(368,31): warning C4244: 'initializing': conversion from 'float' to 'int', possible loss of data
C:\Users\Gerrard Tai\Documents\code\cshumandetection\ImageGeneration\ImageGeneration\main3.cpp(484,23): warning C4018: '<=': signed/unsigned mismatch
C:\Users\Gerrard Tai\Documents\code\cshumandetection\ImageGeneration\ImageGeneration\main3.cpp(516,14): warning C4244: 'initializing': conversion from 'double' to 'float', possible loss of data
C:\Users\Gerrard Tai\Documents\code\cshumandetection\ImageGeneration\ImageGeneration\main3.cpp(538,50): warning C4244: '+=': conversion from 'double' to 'float', possible loss of data
C:\Users\Gerrard Tai\Documents\code\cshumandetection\ImageGeneration\ImageGeneration\main3.cpp(543,16): warning C4244: 'initializing': conversion from 'double' to 'float', possible loss of data
C:\Users\Gerrard Tai\Documents\code\cshumandetection\ImageGeneration\ImageGeneration\main3.cpp(544,52): warning C4244: '+=': conversion from 'double' to 'float', possible loss of data
C:\Users\Gerrard Tai\Documents\code\cshumandetection\ImageGeneration\ImageGeneration\main3.cpp(609,12): warning C4244: 'initializing': conversion from 'double' to 'float', possible loss of data
C:\Users\Gerrard Tai\Documents\code\cshumandetection\ImageGeneration\ImageGeneration\main3.cpp(635,14): warning C4244: 'initializing': conversion from 'double' to 'float', possible loss of data
C:\Users\Gerrard Tai\Documents\code\cshumandetection\ImageGeneration\ImageGeneration\main3.cpp(641,23): warning C4018: '<=': signed/unsigned mismatch
C:\Users\Gerrard Tai\Documents\code\cshumandetection\ImageGeneration\ImageGeneration\main3.cpp(653,74): warning C4305: 'argument': truncation from 'double' to 'float'
C:\Users\Gerrard Tai\Documents\code\cshumandetection\ImageGeneration\ImageGeneration\main3.cpp(714,41): warning C4244: '+=': conversion from 'double' to 'float', possible loss of data
C:\Users\Gerrard Tai\Documents\code\cshumandetection\ImageGeneration\ImageGeneration\main3.cpp(715,42): warning C4244: '-=': conversion from 'double' to 'float', possible loss of data
C:\Users\Gerrard Tai\Documents\code\cshumandetection\ImageGeneration\ImageGeneration\main3.cpp(728,23): warning C4018: '<=': signed/unsigned mismatch
C:\Users\Gerrard Tai\Documents\code\cshumandetection\ImageGeneration\ImageGeneration\main3.cpp(794,46): warning C4244: 'argument': conversion from 'double' to 'float', possible loss of data
C:\Users\Gerrard Tai\Documents\code\cshumandetection\ImageGeneration\ImageGeneration\main3.cpp(810,23): warning C4018: '<=': signed/unsigned mismatch
C:\Users\Gerrard Tai\Documents\code\cshumandetection\ImageGeneration\ImageGeneration\main3.cpp(823,20): warning C4305: 'initializing': truncation from 'double' to 'float'
C:\Users\Gerrard Tai\Documents\code\cshumandetection\ImageGeneration\ImageGeneration\main3.cpp(823,36): warning C4305: 'initializing': truncation from 'double' to 'float'
C:\Users\Gerrard Tai\Documents\code\cshumandetection\ImageGeneration\ImageGeneration\main3.cpp(940,23): warning C4018: '<=': signed/unsigned mismatch
C:\Users\Gerrard Tai\Documents\code\cshumandetection\ImageGeneration\ImageGeneration\main3.cpp(955,9): warning C4244: 'initializing': conversion from 'float' to 'int', possible loss of data
C:\Users\Gerrard Tai\Documents\code\cshumandetection\ImageGeneration\ImageGeneration\main3.cpp(955,29): warning C4244: 'initializing': conversion from 'float' to 'int', possible loss of data
C:\Users\Gerrard Tai\Documents\code\cshumandetection\ImageGeneration\ImageGeneration\main3.cpp(957,13): warning C4244: 'initializing': conversion from 'int' to 'float', possible loss of data
C:\Users\Gerrard Tai\Documents\code\cshumandetection\ImageGeneration\ImageGeneration\main3.cpp(958,13): warning C4244: 'initializing': conversion from 'int' to 'float', possible loss of data
C:\Users\Gerrard Tai\Documents\code\cshumandetection\ImageGeneration\ImageGeneration\main3.cpp(972,11): warning C4244: 'initializing': conversion from 'double' to 'int', possible loss of data
C:\Users\Gerrard Tai\Documents\code\cshumandetection\ImageGeneration\ImageGeneration\main3.cpp(978,11): warning C4244: 'initializing': conversion from 'double' to 'int', possible loss of data
C:\Users\Gerrard Tai\Documents\code\cshumandetection\ImageGeneration\ImageGeneration\main3.cpp(1013,28): warning C4305: 'initializing': truncation from 'double' to 'float'
C:\Users\Gerrard Tai\Documents\code\cshumandetection\ImageGeneration\ImageGeneration\main3.cpp(1021,62): warning C4244: 'argument': conversion from 'float' to 'int', possible loss of data
C:\Users\Gerrard Tai\Documents\code\cshumandetection\ImageGeneration\ImageGeneration\main3.cpp(1021,29): warning C4244: 'argument': conversion from 'float' to 'int', possible loss of data
  ImageGeneration.vcxproj -> C:\Users\Gerrard Tai\Documents\code\cshumandetection\ImageGeneration\Debug\ImageGeneration.exe
